*** Starting up with Place & Route. By Yuri Panchul ***
wire   1 : (   2   2 ) -> (   6   8 )
wire   2 : (   7   2 ) -> (   8   8 )
wire   3 : (  12   2 ) -> (  11   8 )
wire   4 : (   7  10 ) -> (  13   8 )
wire   5 : (  12  10 ) -> (  22  14 )
wire   6 : (  21  16 ) -> (  32  17 )
wire   7 : (  23  16 ) -> (   2  27 )
wire   8 : (  32  19 ) -> (   7  27 )
--------------------------------------------------
IIIIIIIIIIIIIII...................................
IIIIIIIIIIIIIII...................................
IIVIIIIVIIIIVII...................................
..12345...........................................
..23456...........................................
..34567...........................................
..45678...........................................
..56789...........................................
..678AvAvAOvOvO...................................
..789AAAAAOOOOO...................................
..890AAVAAOOVOO...................................
..9012............................................
..0123............................................
..1234............................................
..2345..............BBvBB.........................
..3456..............BBBBB.........................
..4567..............BVBVB.........................
..5678........................NNvNN...............
..6789........................NNNNN...............
..7890........................NNVNN...............
..8901............................................
..9012............................................
..0123............................................
..1234............................................
..2345............................................
..3456............................................
..4567............................................
OOvOOOOvOO........................................
OOOOOOOOOO........................................
OOOOOOOOOO........................................
--------------------------------------------------
IIIIIIIIIIIIIII...................................
IIIIIIIIIIIIIII...................................
IIVIIIIVIIIIVII...................................
..*....12.........................................
..*....23.........................................
..*....34.........................................
..*....45.........................................
..*****56.........................................
.....AvAvAOvOvO...................................
.....AAAAAOOOOO...................................
.....AAVAAOOVOO...................................
..................................................
..................................................
..................................................
....................BBvBB.........................
....................BBBBB.........................
....................BVBVB.........................
..............................NNvNN...............
..............................NNNNN...............
..............................NNVNN...............
..................................................
..................................................
..................................................
..................................................
..................................................
..................................................
..................................................
OOvOOOOvOO........................................
OOOOOOOOOO........................................
OOOOOOOOOO........................................
--------------------------------------------------
IIIIIIIIIIIIIII...................................
IIIIIIIIIIIIIII...................................
IIVIIIIVIIIIVII...................................
..*....*...212345678901234567890123456789012345678
..*....*...323456789012345678901234567890123456789
..*....*...434567890123456789012345678901234567890
..*....*...545678901234567890123456789012345678901
..*******..656789012345678901234567890123456789012
.....AvAvAOvOvO90123456789012345678901234567890123
.....AAAAAOOOOO01234567890123456789012345678901234
.....AAVAAOOVOO12345678901234567890123456789012345
...............23456789012345678901234567890123456
...............34567890123456789012345678901234567
...............45678901234567890123456789012345678
...............56789BBvBB5678901234567890123456789
...............67890BBBBB6789012345678901234567890
...............78901BVBVB7890123456789012345678901
...............890123456789012NNvNN890123456789012
...............901234567890123NNNNN901234567890123
...............012345678901234NNVNN012345678901234
...............12345678901234567890123456789012345
...............23456789012345678901234567890123456
...............34567890123456789012345678901234567
...............45678901234567890123456789012345678
...............56789012345678901234567890123456789
...............67890123456789012345678901234567890
...............78901234567890123456789012345678901
OOvOOOOvOO.....89012345678901234567890123456789012
OOOOOOOOOO.....90123456789012345678901234567890123
OOOOOOOOOO.....01234567890123456789012345678901234
--------------------------------------------------
IIIIIIIIIIIIIII...................................
IIIIIIIIIIIIIII...................................
IIVIIIIVIIIIVII...................................
..*....*...**.....................................
..*....*...*......................................
..*....*...*......................................
..*....*...*...45678901234567890123456789012345678
..*******..*.5434567890123456789012345678901234567
....7AvAvAOvOvO23456789012345678901234567890123456
...76AAAAAOOOOO12345678901234567890123456789012345
..765AAVAAOOVOO01234567890123456789012345678901234
.7654321234567890123456789012345678901234567890123
.8765432345678901234567890123456789012345678901234
.9876543456789012345678901234567890123456789012345
.0987654567890123456BBvBB2345678901234567890123456
.1098765678901234567BBBBB3456789012345678901234567
.2109876789012345678BVBVB4567890123456789012345678
.32109878901234567890123456789NNvNN567890123456789
.43210989012345678901234567890NNNNN678901234567890
.54321090123456789012345678901NNVNN789012345678901
.6543210123456789012345678901234567890123456789012
.7654321234567890123456789012345678901234567890123
.8765432345678901234567890123456789012345678901234
.9876543456789012345678901234567890123456789012345
.0987654567890123456789012345678901234567890123456
.1098765678901234567890123456789012345678901234567
.2109876789012345678901234567890123456789012345678
OOvOOOOvOO0123456789012345678901234567890123456789
OOOOOOOOOO1234567890123456789012345678901234567890
OOOOOOOOOO2345678901234567890123456789012345678901
--------------------------------------------------
IIIIIIIIIIIIIII...................................
IIIIIIIIIIIIIII...................................
IIVIIIIVIIIIVII...................................
..*....*...**.....................................
..*....*...*......................................
..*....*...*......................................
..*....*...*......................................
..*******..*.***..................................
.....AvAvAOvOvO*..................................
.....AAAAAOOOOO*..................................
.....AAVAAOOVOO*..................................
.......*********5678901...........................
............23456789012...........................
............34567890123...........................
............45678901BBvBB.........................
............56789012BBBBB.........................
............67890123BVBVB.........................
............7890123456........NNvNN...............
............8901234567........NNNNN...............
............9012345678........NNVNN...............
............0123456789............................
............1234567890............................
............2345678901............................
............3456789012............................
............4567890123............................
............5678901234............................
............6789012345............................
OOvOOOOvOO..7890123456............................
OOOOOOOOOO..8901234567............................
OOOOOOOOOO..9012345678............................
--------------------------------------------------
IIIIIIIIIIIIIII...................................
IIIIIIIIIIIIIII...................................
IIVIIIIVIIIIVII...................................
..*....*...**.....................................
..*....*...*......................................
..*....*...*......................................
..*....*...*......................................
..*******..*.***..................................
.....AvAvAOvOvO*..................................
.....AAAAAOOOOO*..................................
.....AAVAAOOVOO*..................................
.......*********..................................
..................................................
..................................................
....................BBvBB.........................
....................BBBBB.........................
....................BVBVB67890123.................
....................2123456789NNvNN...............
....................3234567890NNNNN...............
....................4345678901NNVNN...............
....................545678901234567890123456789012
....................656789012345678901234567890123
....................767890123456789012345678901234
....................878901234567890123456789012345
....................989012345678901234567890123456
....................090123456789012345678901234567
....................101234567890123456789012345678
OOvOOOOvOO..........212345678901234567890123456789
OOOOOOOOOO..........323456789012345678901234567890
OOOOOOOOOO..........434567890123456789012345678901
--------------------------------------------------
IIIIIIIIIIIIIII.......3210123456789012345678901234
IIIIIIIIIIIIIII......32109012345678901234567890123
IIVIIIIVIIIIVII.....321098901234567890123456789012
..*....*...**......3210987890123456789012345678901
..*....*...*......32109876789012345678901234567890
..*....*...*.....321098765678901234567890123456789
..*....*...*....3210987654567890123456789012345678
..*******..*.***2109876543456789012345678901234567
.....AvAvAOvOvO*1098765432345678901234567890123456
.....AAAAAOOOOO*0987654321234567890123456789012345
.....AAVAAOOVOO*9876543210123456789012345678901234
.......*********8765432109012345678901234567890123
........1098*0987654321098901234567890123456789012
.......10987***********987890123456789012345678901
......10987654321098BBvBB6789012345678901234567890
.....109876543210987BBBBB5678901234567890123456789
....1098765432109876BVBVB********23456789012345678
..2109876543210987654*****4567NNvNN567890123456789
..3210987654321098765432345678NNNNN678901234567890
..4321098765432109876543456789NNVNN789012345678901
..543210987654321098765456789012345678901234567890
..654321098765432109876567890123456789012345678901
..765432109876543210987678901234567890123456789012
..876543210987654321098789012345678901234567890123
..987654321098765432109890123456789012345678901234
..098765432109876543210901234567890123456789012345
..109876543210987654321012345678901234567890123456
OOvOOOOvOO4321098765432123456789012345678901234567
OOOOOOOOOO5432109876543234567890123456789012345678
OOOOOOOOOO6543210987654345678901234567890123456789
--------------------------------------------------
IIIIIIIIIIIIIII................8765456789012345678
IIIIIIIIIIIIIII...............87654345678901234567
IIVIIIIVIIIIVII..............876543234567890123456
..*....*...**...............8765432123456789012345
..*....*...*...............87654321012345678901234
..*....*...*..............876543210901234567890123
..*....*...*.............8765432109890123456789012
..*******..*.***........87654321098789012345678901
.....AvAvAOvOvO*.......876543210987678901234567890
.....AAAAAOOOOO*...5678765432109876567890123456789
.....AAVAAOOVOO*..54567654321098765456789012345678
.......*********.543456543210987654345678901234567
................5432345432109876543234567890123456
...............54321234321098765432123456789012345
..............543210BBvBB0987654321012345678901234
.............5432109BBBBB9876543210901234567890123
............54321098BVBVB********09890123456789012
...........5432109876*****0987NNvNN789012345678901
..........54321098765432109876NNNNN678901234567890
.........543210987654321098765NNVNN567890123456789
.......6543210987654321098765432123456789012345678
.......7654321098765432109876543234567890123456789
.......8765432109876543210987654345678901234567890
.......9876543210987654321098765456789012345678901
.......0987654321098765432109876567890123456789012
.......1098765432109876543210987678901234567890123
.......2109876543210987654321098789012345678901234
OOvOOOOvOO0987654321098765432109890123456789012345
OOOOOOOOOO1098765432109876543210901234567890123456
OOOOOOOOOO2109876543210987654321012345678901234567
--------------------------------------------------
IIIIIIIIIIIIIII...................................
IIIIIIIIIIIIIII...................................
IIVIIIIVIIIIVII...................................
..0....0...00.....................................
..0....0...0......................................
..0....0...0......................................
..0....0...0......................................
..0000000..0.000..................................
.....AvAvAOvOvO0..................................
.....AAAAAOOOOO0..................................
.....AAVAAOOVOO0..................................
.......000000000..................................
............1.....................................
............11111111111...........................
....................BBvBB.........................
....................BBBBB.........................
....................BVBVB00000000.................
..111111111111111111100000....NNvNN...............
..1...........................NNNNN...............
..1...........................NNVNN...............
..1....00000000000000000000000000.................
..1....0..........................................
..1....0..........................................
..1....0..........................................
..1....0..........................................
..1....0..........................................
..1....0..........................................
OOvOOOOvOO........................................
OOOOOOOOOO........................................
OOOOOOOOOO........................................
